{"C:\\Users\\JK\\Desktop\\Assingment\\video-api1\\src\\db.js": {"path":"C:\\Users\\JK\\Desktop\\Assingment\\video-api1\\src\\db.js","statementMap":{"0":{"start":{"line":1,"column":16},"end":{"line":1,"column":34}},"1":{"start":{"line":2,"column":15},"end":{"line":2,"column":32}},"2":{"start":{"line":5,"column":4},"end":{"line":8,"column":7}},"3":{"start":{"line":11,"column":18},"end":{"line":11,"column":26}},"4":{"start":{"line":14,"column":15},"end":{"line":14,"column":30}},"5":{"start":{"line":17,"column":4},"end":{"line":28,"column":7}},"6":{"start":{"line":30,"column":4},"end":{"line":30,"column":41}},"7":{"start":{"line":33,"column":0},"end":{"line":33,"column":45}}},"fnMap":{"0":{"name":"openDB","decl":{"start":{"line":4,"column":15},"end":{"line":4,"column":21}},"loc":{"start":{"line":4,"column":24},"end":{"line":9,"column":1}},"line":4},"1":{"name":"initializeDB","decl":{"start":{"line":13,"column":15},"end":{"line":13,"column":27}},"loc":{"start":{"line":13,"column":30},"end":{"line":31,"column":1}},"line":13}},"branchMap":{},"s":{"0":1,"1":1,"2":1,"3":1,"4":1,"5":1,"6":1,"7":1},"f":{"0":1,"1":1},"b":{},"_coverageSchema":"1a1c01bbd47fc00a2c39e90264f33305004495a9","hash":"c1c944013c8f16e4aa5a773e3df53fd644497c29"}
,"C:\\Users\\JK\\Desktop\\Assingment\\video-api1\\src\\server.js": {"path":"C:\\Users\\JK\\Desktop\\Assingment\\video-api1\\src\\server.js","statementMap":{"0":{"start":{"line":1,"column":25},"end":{"line":1,"column":43}},"1":{"start":{"line":2,"column":16},"end":{"line":2,"column":34}},"2":{"start":{"line":3,"column":15},"end":{"line":3,"column":32}},"3":{"start":{"line":4,"column":15},"end":{"line":4,"column":32}},"4":{"start":{"line":5,"column":11},"end":{"line":5,"column":24}},"5":{"start":{"line":6,"column":13},"end":{"line":6,"column":28}},"6":{"start":{"line":7,"column":16},"end":{"line":7,"column":34}},"7":{"start":{"line":8,"column":15},"end":{"line":8,"column":39}},"8":{"start":{"line":9,"column":15},"end":{"line":9,"column":32}},"9":{"start":{"line":10,"column":17},"end":{"line":10,"column":34}},"10":{"start":{"line":11,"column":15},"end":{"line":11,"column":32}},"11":{"start":{"line":12,"column":0},"end":{"line":12,"column":27}},"12":{"start":{"line":13,"column":0},"end":{"line":13,"column":67}},"13":{"start":{"line":15,"column":12},"end":{"line":15,"column":21}},"14":{"start":{"line":16,"column":0},"end":{"line":16,"column":24}},"15":{"start":{"line":17,"column":0},"end":{"line":17,"column":34}},"16":{"start":{"line":19,"column":13},"end":{"line":19,"column":37}},"17":{"start":{"line":20,"column":18},"end":{"line":20,"column":57}},"18":{"start":{"line":21,"column":19},"end":{"line":21,"column":80}},"19":{"start":{"line":23,"column":0},"end":{"line":23,"column":23}},"20":{"start":{"line":25,"column":0},"end":{"line":30,"column":1}},"21":{"start":{"line":26,"column":4},"end":{"line":29,"column":7}},"22":{"start":{"line":27,"column":8},"end":{"line":27,"column":29}},"23":{"start":{"line":28,"column":8},"end":{"line":28,"column":54}},"24":{"start":{"line":32,"column":0},"end":{"line":34,"column":3}},"25":{"start":{"line":33,"column":4},"end":{"line":33,"column":63}},"26":{"start":{"line":37,"column":23},"end":{"line":43,"column":1}},"27":{"start":{"line":38,"column":18},"end":{"line":38,"column":46}},"28":{"start":{"line":39,"column":4},"end":{"line":41,"column":5}},"29":{"start":{"line":40,"column":8},"end":{"line":40,"column":65}},"30":{"start":{"line":42,"column":4},"end":{"line":42,"column":11}},"31":{"start":{"line":46,"column":4},"end":{"line":54,"column":5}},"32":{"start":{"line":47,"column":8},"end":{"line":50,"column":11}},"33":{"start":{"line":52,"column":8},"end":{"line":52,"column":56}},"34":{"start":{"line":53,"column":8},"end":{"line":53,"column":24}},"35":{"start":{"line":56,"column":18},"end":{"line":56,"column":26}},"36":{"start":{"line":58,"column":0},"end":{"line":58,"column":78}},"37":{"start":{"line":58,"column":32},"end":{"line":58,"column":78}},"38":{"start":{"line":60,"column":16},"end":{"line":65,"column":2}},"39":{"start":{"line":63,"column":8},"end":{"line":63,"column":64}},"40":{"start":{"line":66,"column":15},"end":{"line":66,"column":74}},"41":{"start":{"line":92,"column":0},"end":{"line":97,"column":3}},"42":{"start":{"line":93,"column":4},"end":{"line":93,"column":80}},"43":{"start":{"line":93,"column":19},"end":{"line":93,"column":80}},"44":{"start":{"line":94,"column":15},"end":{"line":94,"column":30}},"45":{"start":{"line":95,"column":4},"end":{"line":95,"column":106}},"46":{"start":{"line":96,"column":4},"end":{"line":96,"column":86}},"47":{"start":{"line":98,"column":0},"end":{"line":127,"column":3}},"48":{"start":{"line":99,"column":42},"end":{"line":99,"column":50}},"49":{"start":{"line":100,"column":4},"end":{"line":102,"column":5}},"50":{"start":{"line":101,"column":8},"end":{"line":101,"column":76}},"51":{"start":{"line":103,"column":22},"end":{"line":103,"column":53}},"52":{"start":{"line":104,"column":27},"end":{"line":104,"column":71}},"53":{"start":{"line":105,"column":23},"end":{"line":105,"column":60}},"54":{"start":{"line":107,"column":4},"end":{"line":111,"column":5}},"55":{"start":{"line":108,"column":8},"end":{"line":108,"column":44}},"56":{"start":{"line":110,"column":8},"end":{"line":110,"column":68}},"57":{"start":{"line":113,"column":4},"end":{"line":126,"column":15}},"58":{"start":{"line":118,"column":23},"end":{"line":118,"column":38}},"59":{"start":{"line":119,"column":12},"end":{"line":119,"column":108}},"60":{"start":{"line":120,"column":12},"end":{"line":120,"column":90}},"61":{"start":{"line":123,"column":12},"end":{"line":123,"column":56}},"62":{"start":{"line":124,"column":12},"end":{"line":124,"column":90}},"63":{"start":{"line":129,"column":0},"end":{"line":164,"column":3}},"64":{"start":{"line":130,"column":26},"end":{"line":130,"column":34}},"65":{"start":{"line":131,"column":4},"end":{"line":133,"column":5}},"66":{"start":{"line":132,"column":8},"end":{"line":132,"column":102}},"67":{"start":{"line":135,"column":22},"end":{"line":135,"column":72}},"68":{"start":{"line":135,"column":44},"end":{"line":135,"column":71}},"69":{"start":{"line":136,"column":4},"end":{"line":142,"column":5}},"70":{"start":{"line":137,"column":8},"end":{"line":141,"column":9}},"71":{"start":{"line":138,"column":12},"end":{"line":138,"column":47}},"72":{"start":{"line":140,"column":12},"end":{"line":140,"column":84}},"73":{"start":{"line":144,"column":27},"end":{"line":144,"column":62}},"74":{"start":{"line":145,"column":23},"end":{"line":145,"column":60}},"75":{"start":{"line":146,"column":25},"end":{"line":146,"column":87}},"76":{"start":{"line":147,"column":4},"end":{"line":147,"column":87}},"77":{"start":{"line":147,"column":57},"end":{"line":147,"column":73}},"78":{"start":{"line":149,"column":4},"end":{"line":163,"column":15}},"79":{"start":{"line":154,"column":23},"end":{"line":154,"column":38}},"80":{"start":{"line":155,"column":12},"end":{"line":155,"column":108}},"81":{"start":{"line":156,"column":12},"end":{"line":156,"column":40}},"82":{"start":{"line":157,"column":12},"end":{"line":157,"column":90}},"83":{"start":{"line":160,"column":12},"end":{"line":160,"column":56}},"84":{"start":{"line":161,"column":12},"end":{"line":161,"column":90}},"85":{"start":{"line":167,"column":0},"end":{"line":176,"column":3}},"86":{"start":{"line":169,"column":25},"end":{"line":169,"column":33}},"87":{"start":{"line":170,"column":4},"end":{"line":170,"column":25}},"88":{"start":{"line":171,"column":4},"end":{"line":171,"column":84}},"89":{"start":{"line":171,"column":19},"end":{"line":171,"column":84}},"90":{"start":{"line":172,"column":18},"end":{"line":172,"column":37}},"91":{"start":{"line":173,"column":15},"end":{"line":173,"column":30}},"92":{"start":{"line":174,"column":4},"end":{"line":174,"column":90}},"93":{"start":{"line":175,"column":4},"end":{"line":175,"column":97}},"94":{"start":{"line":178,"column":0},"end":{"line":184,"column":3}},"95":{"start":{"line":179,"column":22},"end":{"line":179,"column":32}},"96":{"start":{"line":180,"column":15},"end":{"line":180,"column":30}},"97":{"start":{"line":181,"column":19},"end":{"line":181,"column":87}},"98":{"start":{"line":182,"column":4},"end":{"line":182,"column":85}},"99":{"start":{"line":182,"column":17},"end":{"line":182,"column":85}},"100":{"start":{"line":183,"column":4},"end":{"line":183,"column":57}},"101":{"start":{"line":187,"column":0},"end":{"line":190,"column":3}},"102":{"start":{"line":188,"column":4},"end":{"line":188,"column":25}},"103":{"start":{"line":189,"column":4},"end":{"line":189,"column":50}},"104":{"start":{"line":192,"column":0},"end":{"line":192,"column":21}}},"fnMap":{"0":{"name":"(anonymous_0)","decl":{"start":{"line":26,"column":21},"end":{"line":26,"column":22}},"loc":{"start":{"line":26,"column":33},"end":{"line":29,"column":5}},"line":26},"1":{"name":"(anonymous_1)","decl":{"start":{"line":32,"column":13},"end":{"line":32,"column":14}},"loc":{"start":{"line":32,"column":27},"end":{"line":34,"column":1}},"line":32},"2":{"name":"(anonymous_2)","decl":{"start":{"line":37,"column":23},"end":{"line":37,"column":24}},"loc":{"start":{"line":37,"column":43},"end":{"line":43,"column":1}},"line":37},"3":{"name":"openDB","decl":{"start":{"line":45,"column":15},"end":{"line":45,"column":21}},"loc":{"start":{"line":45,"column":24},"end":{"line":55,"column":1}},"line":45},"4":{"name":"(anonymous_4)","decl":{"start":{"line":62,"column":14},"end":{"line":62,"column":15}},"loc":{"start":{"line":62,"column":33},"end":{"line":64,"column":5}},"line":62},"5":{"name":"(anonymous_5)","decl":{"start":{"line":92,"column":60},"end":{"line":92,"column":61}},"loc":{"start":{"line":92,"column":80},"end":{"line":97,"column":1}},"line":92},"6":{"name":"(anonymous_6)","decl":{"start":{"line":98,"column":18},"end":{"line":98,"column":19}},"loc":{"start":{"line":98,"column":38},"end":{"line":127,"column":1}},"line":98},"7":{"name":"(anonymous_7)","decl":{"start":{"line":117,"column":19},"end":{"line":117,"column":20}},"loc":{"start":{"line":117,"column":31},"end":{"line":121,"column":9}},"line":117},"8":{"name":"(anonymous_8)","decl":{"start":{"line":122,"column":21},"end":{"line":122,"column":22}},"loc":{"start":{"line":122,"column":30},"end":{"line":125,"column":9}},"line":122},"9":{"name":"(anonymous_9)","decl":{"start":{"line":129,"column":19},"end":{"line":129,"column":20}},"loc":{"start":{"line":129,"column":39},"end":{"line":164,"column":1}},"line":129},"10":{"name":"(anonymous_10)","decl":{"start":{"line":135,"column":36},"end":{"line":135,"column":37}},"loc":{"start":{"line":135,"column":44},"end":{"line":135,"column":71}},"line":135},"11":{"name":"(anonymous_11)","decl":{"start":{"line":147,"column":49},"end":{"line":147,"column":50}},"loc":{"start":{"line":147,"column":57},"end":{"line":147,"column":73}},"line":147},"12":{"name":"(anonymous_12)","decl":{"start":{"line":153,"column":19},"end":{"line":153,"column":20}},"loc":{"start":{"line":153,"column":31},"end":{"line":158,"column":9}},"line":153},"13":{"name":"(anonymous_13)","decl":{"start":{"line":159,"column":21},"end":{"line":159,"column":22}},"loc":{"start":{"line":159,"column":30},"end":{"line":162,"column":9}},"line":159},"14":{"name":"(anonymous_14)","decl":{"start":{"line":167,"column":19},"end":{"line":167,"column":20}},"loc":{"start":{"line":167,"column":39},"end":{"line":176,"column":1}},"line":167},"15":{"name":"(anonymous_15)","decl":{"start":{"line":178,"column":26},"end":{"line":178,"column":27}},"loc":{"start":{"line":178,"column":46},"end":{"line":184,"column":1}},"line":178},"16":{"name":"(anonymous_16)","decl":{"start":{"line":187,"column":17},"end":{"line":187,"column":18}},"loc":{"start":{"line":187,"column":29},"end":{"line":190,"column":1}},"line":187}},"branchMap":{"0":{"loc":{"start":{"line":19,"column":13},"end":{"line":19,"column":37}},"type":"binary-expr","locations":[{"start":{"line":19,"column":13},"end":{"line":19,"column":29}},{"start":{"line":19,"column":33},"end":{"line":19,"column":37}}],"line":19},"1":{"loc":{"start":{"line":20,"column":18},"end":{"line":20,"column":57}},"type":"binary-expr","locations":[{"start":{"line":20,"column":18},"end":{"line":20,"column":39}},{"start":{"line":20,"column":43},"end":{"line":20,"column":57}}],"line":20},"2":{"loc":{"start":{"line":21,"column":19},"end":{"line":21,"column":80}},"type":"binary-expr","locations":[{"start":{"line":21,"column":19},"end":{"line":21,"column":41}},{"start":{"line":21,"column":45},"end":{"line":21,"column":80}}],"line":21},"3":{"loc":{"start":{"line":25,"column":0},"end":{"line":30,"column":1}},"type":"if","locations":[{"start":{"line":25,"column":0},"end":{"line":30,"column":1}},{"start":{},"end":{}}],"line":25},"4":{"loc":{"start":{"line":39,"column":4},"end":{"line":41,"column":5}},"type":"if","locations":[{"start":{"line":39,"column":4},"end":{"line":41,"column":5}},{"start":{},"end":{}}],"line":39},"5":{"loc":{"start":{"line":39,"column":8},"end":{"line":39,"column":49}},"type":"binary-expr","locations":[{"start":{"line":39,"column":8},"end":{"line":39,"column":14}},{"start":{"line":39,"column":18},"end":{"line":39,"column":49}}],"line":39},"6":{"loc":{"start":{"line":58,"column":0},"end":{"line":58,"column":78}},"type":"if","locations":[{"start":{"line":58,"column":0},"end":{"line":58,"column":78}},{"start":{},"end":{}}],"line":58},"7":{"loc":{"start":{"line":93,"column":4},"end":{"line":93,"column":80}},"type":"if","locations":[{"start":{"line":93,"column":4},"end":{"line":93,"column":80}},{"start":{},"end":{}}],"line":93},"8":{"loc":{"start":{"line":100,"column":4},"end":{"line":102,"column":5}},"type":"if","locations":[{"start":{"line":100,"column":4},"end":{"line":102,"column":5}},{"start":{},"end":{}}],"line":100},"9":{"loc":{"start":{"line":100,"column":8},"end":{"line":100,"column":66}},"type":"binary-expr","locations":[{"start":{"line":100,"column":8},"end":{"line":100,"column":17}},{"start":{"line":100,"column":21},"end":{"line":100,"column":40}},{"start":{"line":100,"column":44},"end":{"line":100,"column":66}}],"line":100},"10":{"loc":{"start":{"line":131,"column":4},"end":{"line":133,"column":5}},"type":"if","locations":[{"start":{"line":131,"column":4},"end":{"line":133,"column":5}},{"start":{},"end":{}}],"line":131},"11":{"loc":{"start":{"line":131,"column":8},"end":{"line":131,"column":71}},"type":"binary-expr","locations":[{"start":{"line":131,"column":8},"end":{"line":131,"column":18}},{"start":{"line":131,"column":22},"end":{"line":131,"column":47}},{"start":{"line":131,"column":51},"end":{"line":131,"column":71}}],"line":131},"12":{"loc":{"start":{"line":171,"column":4},"end":{"line":171,"column":84}},"type":"if","locations":[{"start":{"line":171,"column":4},"end":{"line":171,"column":84}},{"start":{},"end":{}}],"line":171},"13":{"loc":{"start":{"line":182,"column":4},"end":{"line":182,"column":85}},"type":"if","locations":[{"start":{"line":182,"column":4},"end":{"line":182,"column":85}},{"start":{},"end":{}}],"line":182}},"s":{"0":2,"1":2,"2":2,"3":2,"4":2,"5":2,"6":2,"7":2,"8":2,"9":2,"10":2,"11":2,"12":2,"13":2,"14":2,"15":2,"16":2,"17":2,"18":2,"19":2,"20":2,"21":0,"22":0,"23":0,"24":2,"25":1,"26":2,"27":0,"28":0,"29":0,"30":0,"31":2,"32":2,"33":0,"34":0,"35":2,"36":2,"37":0,"38":2,"39":0,"40":2,"41":2,"42":0,"43":0,"44":0,"45":0,"46":0,"47":2,"48":0,"49":0,"50":0,"51":0,"52":0,"53":0,"54":0,"55":0,"56":0,"57":0,"58":0,"59":0,"60":0,"61":0,"62":0,"63":2,"64":1,"65":1,"66":1,"67":0,"68":0,"69":0,"70":0,"71":0,"72":0,"73":0,"74":0,"75":0,"76":0,"77":0,"78":0,"79":0,"80":0,"81":0,"82":0,"83":0,"84":0,"85":2,"86":0,"87":0,"88":0,"89":0,"90":0,"91":0,"92":0,"93":0,"94":2,"95":0,"96":0,"97":0,"98":0,"99":0,"100":0,"101":2,"102":1,"103":1,"104":2},"f":{"0":0,"1":1,"2":0,"3":2,"4":0,"5":0,"6":0,"7":0,"8":0,"9":1,"10":0,"11":0,"12":0,"13":0,"14":0,"15":0,"16":1},"b":{"0":[2,2],"1":[2,2],"2":[2,2],"3":[0,2],"4":[0,0],"5":[0,0],"6":[0,2],"7":[0,0],"8":[0,0],"9":[0,0,0],"10":[1,0],"11":[1,1,1],"12":[0,0],"13":[0,0]},"_coverageSchema":"1a1c01bbd47fc00a2c39e90264f33305004495a9","hash":"7210b0bae0b760f009ffc0468f2e5b321b10d10a"}
}
