TN:
SF:src\db.js
FN:4,openDB
FN:13,initializeDB
FNF:2
FNH:2
FNDA:1,openDB
FNDA:1,initializeDB
DA:1,1
DA:2,1
DA:5,1
DA:11,1
DA:14,1
DA:17,1
DA:30,1
DA:33,1
LF:8
LH:8
BRF:0
BRH:0
end_of_record
TN:
SF:src\server.js
FN:26,(anonymous_0)
FN:32,(anonymous_1)
FN:37,(anonymous_2)
FN:45,openDB
FN:62,(anonymous_4)
FN:92,(anonymous_5)
FN:98,(anonymous_6)
FN:117,(anonymous_7)
FN:122,(anonymous_8)
FN:129,(anonymous_9)
FN:135,(anonymous_10)
FN:147,(anonymous_11)
FN:153,(anonymous_12)
FN:159,(anonymous_13)
FN:167,(anonymous_14)
FN:178,(anonymous_15)
FN:187,(anonymous_16)
FNF:17
FNH:4
FNDA:0,(anonymous_0)
FNDA:1,(anonymous_1)
FNDA:0,(anonymous_2)
FNDA:2,openDB
FNDA:0,(anonymous_4)
FNDA:0,(anonymous_5)
FNDA:0,(anonymous_6)
FNDA:0,(anonymous_7)
FNDA:0,(anonymous_8)
FNDA:1,(anonymous_9)
FNDA:0,(anonymous_10)
FNDA:0,(anonymous_11)
FNDA:0,(anonymous_12)
FNDA:0,(anonymous_13)
FNDA:0,(anonymous_14)
FNDA:0,(anonymous_15)
FNDA:1,(anonymous_16)
DA:1,2
DA:2,2
DA:3,2
DA:4,2
DA:5,2
DA:6,2
DA:7,2
DA:8,2
DA:9,2
DA:10,2
DA:11,2
DA:12,2
DA:13,2
DA:15,2
DA:16,2
DA:17,2
DA:19,2
DA:20,2
DA:21,2
DA:23,2
DA:25,2
DA:26,0
DA:27,0
DA:28,0
DA:32,2
DA:33,1
DA:37,2
DA:38,0
DA:39,0
DA:40,0
DA:42,0
DA:46,2
DA:47,2
DA:52,0
DA:53,0
DA:56,2
DA:58,2
DA:60,2
DA:63,0
DA:66,2
DA:92,2
DA:93,0
DA:94,0
DA:95,0
DA:96,0
DA:98,2
DA:99,0
DA:100,0
DA:101,0
DA:103,0
DA:104,0
DA:105,0
DA:107,0
DA:108,0
DA:110,0
DA:113,0
DA:118,0
DA:119,0
DA:120,0
DA:123,0
DA:124,0
DA:129,2
DA:130,1
DA:131,1
DA:132,1
DA:135,0
DA:136,0
DA:137,0
DA:138,0
DA:140,0
DA:144,0
DA:145,0
DA:146,0
DA:147,0
DA:149,0
DA:154,0
DA:155,0
DA:156,0
DA:157,0
DA:160,0
DA:161,0
DA:167,2
DA:169,0
DA:170,0
DA:171,0
DA:172,0
DA:173,0
DA:174,0
DA:175,0
DA:178,2
DA:179,0
DA:180,0
DA:181,0
DA:182,0
DA:183,0
DA:187,2
DA:188,1
DA:189,1
DA:192,2
LF:99
LH:42
BRDA:19,0,0,2
BRDA:19,0,1,2
BRDA:20,1,0,2
BRDA:20,1,1,2
BRDA:21,2,0,2
BRDA:21,2,1,2
BRDA:25,3,0,0
BRDA:25,3,1,2
BRDA:39,4,0,0
BRDA:39,4,1,0
BRDA:39,5,0,0
BRDA:39,5,1,0
BRDA:58,6,0,0
BRDA:58,6,1,2
BRDA:93,7,0,0
BRDA:93,7,1,0
BRDA:100,8,0,0
BRDA:100,8,1,0
BRDA:100,9,0,0
BRDA:100,9,1,0
BRDA:100,9,2,0
BRDA:131,10,0,1
BRDA:131,10,1,0
BRDA:131,11,0,1
BRDA:131,11,1,1
BRDA:131,11,2,1
BRDA:171,12,0,0
BRDA:171,12,1,0
BRDA:182,13,0,0
BRDA:182,13,1,0
BRF:30
BRH:12
end_of_record
